<?xml version="1.0" encoding="UTF-8"?>
<testsuite xmlns:xsi="http://www.w3.org/2001/XMLSchema-instance" xsi:noNamespaceSchemaLocation="https://maven.apache.org/surefire/maven-surefire-plugin/xsd/surefire-test-report.xsd" name="general.capabilities.TP_oneM2M_CSE_GEN_DEL_002" time="8.137" tests="2" errors="0" skipped="0" failures="0">
  <properties>
    <property name="sun.desktop" value="gnome"/>
    <property name="awt.toolkit" value="sun.awt.X11.XToolkit"/>
    <property name="file.encoding.pkg" value="sun.io"/>
    <property name="java.specification.version" value="1.8"/>
    <property name="sun.cpu.isalist" value=""/>
    <property name="sun.jnu.encoding" value="UTF-8"/>
    <property name="java.class.path" value="/media/chaitan/official/workspaces/workspace-oxygen/CCSP_oneM2M_Tester_EXPERIMENTED/target/test-classes:/media/chaitan/official/workspaces/workspace-oxygen/CCSP_oneM2M_Tester_EXPERIMENTED/target/classes:/home/chaitan/.m2/repository/org/eclipse/jetty/jetty-servlet/9.4.3.v20170317/jetty-servlet-9.4.3.v20170317.jar:/home/chaitan/.m2/repository/javax/json/javax.json-api/1.0/javax.json-api-1.0.jar:/home/chaitan/.m2/repository/org/eclipse/persistence/eclipselink/2.7.4/eclipselink-2.7.4.jar:/home/chaitan/.m2/repository/javax/servlet/javax.servlet-api/4.0.1/javax.servlet-api-4.0.1.jar:/home/chaitan/.m2/repository/cdot/onem2m/requestProcedures/3.9/requestProcedures-3.9.jar:/home/chaitan/.m2/repository/org/junit/platform/junit-platform-commons/1.3.0/junit-platform-commons-1.3.0.jar:/home/chaitan/.m2/repository/org/apache/httpcomponents/httpcore/4.4.10/httpcore-4.4.10.jar:/home/chaitan/.m2/repository/org/opentest4j/opentest4j/1.1.0/opentest4j-1.1.0.jar:/home/chaitan/.m2/repository/io/netty/netty-all/4.1.1.Final/netty-all-4.1.1.Final.jar:/home/chaitan/.m2/repository/cdot/onem2m/onem2mxsd/3.9/onem2mxsd-3.9.jar:/home/chaitan/.m2/repository/org/apache/logging/log4j/log4j-core/2.8/log4j-core-2.8.jar:/home/chaitan/.m2/repository/org/eclipse/jetty/jetty-util/9.4.3.v20170317/jetty-util-9.4.3.v20170317.jar:/home/chaitan/.m2/repository/org/eclipse/persistence/jakarta.persistence/2.2.2/jakarta.persistence-2.2.2.jar:/home/chaitan/.m2/repository/com/fasterxml/jackson/core/jackson-databind/2.9.8/jackson-databind-2.9.8.jar:/home/chaitan/.m2/repository/org/glassfish/javax.json/1.0.4/javax.json-1.0.4.jar:/home/chaitan/.m2/repository/org/junit/platform/junit-platform-engine/1.3.0/junit-platform-engine-1.3.0.jar:/home/chaitan/.m2/repository/io/qameta/allure/allure2-model-pojo/1.0-BETA6/allure2-model-pojo-1.0-BETA6.jar:/home/chaitan/.m2/repository/xmlpull/xmlpull/1.1.3.1/xmlpull-1.1.3.1.jar:/home/chaitan/.m2/repository/com/fasterxml/jackson/core/jackson-annotations/2.9.0/jackson-annotations-2.9.0.jar:/home/chaitan/.m2/repository/cdot/onem2m/saef/3.9/saef-3.9.jar:/home/chaitan/.m2/repository/commons-logging/commons-logging/1.2/commons-logging-1.2.jar:/home/chaitan/.m2/repository/org/eclipse/jetty/jetty-io/9.4.3.v20170317/jetty-io-9.4.3.v20170317.jar:/home/chaitan/.m2/repository/org/apache/tika/tika-core/1.14/tika-core-1.14.jar:/home/chaitan/.m2/repository/io/qameta/allure/allure-junit-platform/2.6.0/allure-junit-platform-2.6.0.jar:/home/chaitan/.m2/repository/cdot/onem2m/httpBindingClient/3.9/httpBindingClient-3.9.jar:/home/chaitan/.m2/repository/io/qameta/allure/allure2-model-jackson/1.0-BETA6/allure2-model-jackson-1.0-BETA6.jar:/home/chaitan/.m2/repository/com/fasterxml/jackson/core/jackson-core/2.9.8/jackson-core-2.9.8.jar:/home/chaitan/.m2/repository/org/apiguardian/apiguardian-api/1.0.0/apiguardian-api-1.0.0.jar:/home/chaitan/.m2/repository/org/eclipse/jetty/jetty-server/9.4.3.v20170317/jetty-server-9.4.3.v20170317.jar:/home/chaitan/.m2/repository/com/google/guava/guava/19.0/guava-19.0.jar:/home/chaitan/.m2/repository/org/hamcrest/hamcrest/2.1/hamcrest-2.1.jar:/home/chaitan/.m2/repository/org/eclipse/californium/element-connector/1.0.1/element-connector-1.0.1.jar:/home/chaitan/.m2/repository/io/qameta/allure/allure-java-commons/2.6.0/allure-java-commons-2.6.0.jar:/home/chaitan/.m2/repository/org/aspectj/aspectjrt/1.8.10/aspectjrt-1.8.10.jar:/home/chaitan/.m2/repository/org/junit/platform/junit-platform-launcher/1.3.0/junit-platform-launcher-1.3.0.jar:/home/chaitan/.m2/repository/xpp3/xpp3_min/1.1.4c/xpp3_min-1.1.4c.jar:/home/chaitan/.m2/repository/org/eclipse/californium/californium-core/1.0.1/californium-core-1.0.1.jar:/home/chaitan/.m2/repository/org/junit/jupiter/junit-jupiter-api/5.3.0/junit-jupiter-api-5.3.0.jar:/home/chaitan/.m2/repository/javax/ws/rs/javax.ws.rs-api/2.0/javax.ws.rs-api-2.0.jar:/home/chaitan/.m2/repository/io/qameta/allure/allure-junit5/2.6.0/allure-junit5-2.6.0.jar:/home/chaitan/.m2/repository/junit/junit/4.8.1/junit-4.8.1.jar:/home/chaitan/.m2/repository/org/eclipse/jetty/jetty-http/9.4.3.v20170317/jetty-http-9.4.3.v20170317.jar:/home/chaitan/.m2/repository/io/qameta/allure/allure2-model-api/1.0-BETA6/allure2-model-api-1.0-BETA6.jar:/home/chaitan/.m2/repository/org/apache/logging/log4j/log4j-api/2.8/log4j-api-2.8.jar:/home/chaitan/.m2/repository/org/jooq/joor/0.9.6/joor-0.9.6.jar:/home/chaitan/.m2/repository/commons-codec/commons-codec/1.10/commons-codec-1.10.jar:/home/chaitan/.m2/repository/org/eclipse/persistence/commonj.sdo/2.1.1/commonj.sdo-2.1.1.jar:/home/chaitan/.m2/repository/com/thoughtworks/xstream/xstream/1.4.9/xstream-1.4.9.jar:/home/chaitan/.m2/repository/org/slf4j/slf4j-api/1.7.21/slf4j-api-1.7.21.jar:/home/chaitan/.m2/repository/org/jvnet/jaxb2_commons/jaxb2-basics-runtime/1.11.1/jaxb2-basics-runtime-1.11.1.jar:/home/chaitan/.m2/repository/org/apache/commons/commons-lang3/3.8.1/commons-lang3-3.8.1.jar:/home/chaitan/.m2/repository/org/eclipse/jetty/jetty-security/9.4.3.v20170317/jetty-security-9.4.3.v20170317.jar:/home/chaitan/.m2/repository/org/junit/jupiter/junit-jupiter-params/5.3.0/junit-jupiter-params-5.3.0.jar:/home/chaitan/.m2/repository/cdot/onem2m/coapClientSecurity/3.9/coapClientSecurity-3.9.jar:/home/chaitan/.m2/repository/cdot/onem2m/common/3.9/common-3.9.jar:/home/chaitan/.m2/repository/org/apache/httpcomponents/httpclient/4.5.6/httpclient-4.5.6.jar:/home/chaitan/.m2/repository/org/junit/jupiter/junit-jupiter-engine/5.3.0/junit-jupiter-engine-5.3.0.jar:/home/chaitan/.m2/repository/cdot/onem2m/originatorActions/3.9/originatorActions-3.9.jar:/home/chaitan/.m2/repository/com/fasterxml/jackson/module/jackson-module-jaxb-annotations/2.7.0/jackson-module-jaxb-annotations-2.7.0.jar:/home/chaitan/.m2/repository/cdot/onem2m/BST/3.9/BST-3.9.jar:/home/chaitan/.m2/repository/cdot/onem2m/coapBindingClient/3.9/coapBindingClient-3.9.jar:"/>
    <property name="java.vm.vendor" value="Oracle Corporation"/>
    <property name="sun.arch.data.model" value="64"/>
    <property name="java.vendor.url" value="http://java.oracle.com/"/>
    <property name="user.timezone" value="Asia/Kolkata"/>
    <property name="java.vm.specification.version" value="1.8"/>
    <property name="os.name" value="Linux"/>
    <property name="user.country" value="IN"/>
    <property name="sun.java.launcher" value="SUN_STANDARD"/>
    <property name="sun.boot.library.path" value="/home/chaitan/jdks/jdk-8u181-linux-x64/jdk1.8.0_181/jre/lib/amd64"/>
    <property name="sun.java.command" value="/media/chaitan/official/workspaces/workspace-oxygen/CCSP_oneM2M_Tester_EXPERIMENTED/target/surefire/surefirebooter6404279420965747714.jar /media/chaitan/official/workspaces/workspace-oxygen/CCSP_oneM2M_Tester_EXPERIMENTED/target/surefire 2020-02-14T10-08-14_400-jvmRun1 surefire2769126833062488552tmp surefire_08046141782517674851tmp"/>
    <property name="surefire.test.class.path" value="/media/chaitan/official/workspaces/workspace-oxygen/CCSP_oneM2M_Tester_EXPERIMENTED/target/test-classes:/media/chaitan/official/workspaces/workspace-oxygen/CCSP_oneM2M_Tester_EXPERIMENTED/target/classes:/home/chaitan/.m2/repository/org/eclipse/jetty/jetty-servlet/9.4.3.v20170317/jetty-servlet-9.4.3.v20170317.jar:/home/chaitan/.m2/repository/javax/json/javax.json-api/1.0/javax.json-api-1.0.jar:/home/chaitan/.m2/repository/org/eclipse/persistence/eclipselink/2.7.4/eclipselink-2.7.4.jar:/home/chaitan/.m2/repository/javax/servlet/javax.servlet-api/4.0.1/javax.servlet-api-4.0.1.jar:/home/chaitan/.m2/repository/cdot/onem2m/requestProcedures/3.9/requestProcedures-3.9.jar:/home/chaitan/.m2/repository/org/junit/platform/junit-platform-commons/1.3.0/junit-platform-commons-1.3.0.jar:/home/chaitan/.m2/repository/org/apache/httpcomponents/httpcore/4.4.10/httpcore-4.4.10.jar:/home/chaitan/.m2/repository/org/opentest4j/opentest4j/1.1.0/opentest4j-1.1.0.jar:/home/chaitan/.m2/repository/io/netty/netty-all/4.1.1.Final/netty-all-4.1.1.Final.jar:/home/chaitan/.m2/repository/cdot/onem2m/onem2mxsd/3.9/onem2mxsd-3.9.jar:/home/chaitan/.m2/repository/org/apache/logging/log4j/log4j-core/2.8/log4j-core-2.8.jar:/home/chaitan/.m2/repository/org/eclipse/jetty/jetty-util/9.4.3.v20170317/jetty-util-9.4.3.v20170317.jar:/home/chaitan/.m2/repository/org/eclipse/persistence/jakarta.persistence/2.2.2/jakarta.persistence-2.2.2.jar:/home/chaitan/.m2/repository/com/fasterxml/jackson/core/jackson-databind/2.9.8/jackson-databind-2.9.8.jar:/home/chaitan/.m2/repository/org/glassfish/javax.json/1.0.4/javax.json-1.0.4.jar:/home/chaitan/.m2/repository/org/junit/platform/junit-platform-engine/1.3.0/junit-platform-engine-1.3.0.jar:/home/chaitan/.m2/repository/io/qameta/allure/allure2-model-pojo/1.0-BETA6/allure2-model-pojo-1.0-BETA6.jar:/home/chaitan/.m2/repository/xmlpull/xmlpull/1.1.3.1/xmlpull-1.1.3.1.jar:/home/chaitan/.m2/repository/com/fasterxml/jackson/core/jackson-annotations/2.9.0/jackson-annotations-2.9.0.jar:/home/chaitan/.m2/repository/cdot/onem2m/saef/3.9/saef-3.9.jar:/home/chaitan/.m2/repository/commons-logging/commons-logging/1.2/commons-logging-1.2.jar:/home/chaitan/.m2/repository/org/eclipse/jetty/jetty-io/9.4.3.v20170317/jetty-io-9.4.3.v20170317.jar:/home/chaitan/.m2/repository/org/apache/tika/tika-core/1.14/tika-core-1.14.jar:/home/chaitan/.m2/repository/io/qameta/allure/allure-junit-platform/2.6.0/allure-junit-platform-2.6.0.jar:/home/chaitan/.m2/repository/cdot/onem2m/httpBindingClient/3.9/httpBindingClient-3.9.jar:/home/chaitan/.m2/repository/io/qameta/allure/allure2-model-jackson/1.0-BETA6/allure2-model-jackson-1.0-BETA6.jar:/home/chaitan/.m2/repository/com/fasterxml/jackson/core/jackson-core/2.9.8/jackson-core-2.9.8.jar:/home/chaitan/.m2/repository/org/apiguardian/apiguardian-api/1.0.0/apiguardian-api-1.0.0.jar:/home/chaitan/.m2/repository/org/eclipse/jetty/jetty-server/9.4.3.v20170317/jetty-server-9.4.3.v20170317.jar:/home/chaitan/.m2/repository/com/google/guava/guava/19.0/guava-19.0.jar:/home/chaitan/.m2/repository/org/hamcrest/hamcrest/2.1/hamcrest-2.1.jar:/home/chaitan/.m2/repository/org/eclipse/californium/element-connector/1.0.1/element-connector-1.0.1.jar:/home/chaitan/.m2/repository/io/qameta/allure/allure-java-commons/2.6.0/allure-java-commons-2.6.0.jar:/home/chaitan/.m2/repository/org/aspectj/aspectjrt/1.8.10/aspectjrt-1.8.10.jar:/home/chaitan/.m2/repository/org/junit/platform/junit-platform-launcher/1.3.0/junit-platform-launcher-1.3.0.jar:/home/chaitan/.m2/repository/xpp3/xpp3_min/1.1.4c/xpp3_min-1.1.4c.jar:/home/chaitan/.m2/repository/org/eclipse/californium/californium-core/1.0.1/californium-core-1.0.1.jar:/home/chaitan/.m2/repository/org/junit/jupiter/junit-jupiter-api/5.3.0/junit-jupiter-api-5.3.0.jar:/home/chaitan/.m2/repository/javax/ws/rs/javax.ws.rs-api/2.0/javax.ws.rs-api-2.0.jar:/home/chaitan/.m2/repository/io/qameta/allure/allure-junit5/2.6.0/allure-junit5-2.6.0.jar:/home/chaitan/.m2/repository/junit/junit/4.8.1/junit-4.8.1.jar:/home/chaitan/.m2/repository/org/eclipse/jetty/jetty-http/9.4.3.v20170317/jetty-http-9.4.3.v20170317.jar:/home/chaitan/.m2/repository/io/qameta/allure/allure2-model-api/1.0-BETA6/allure2-model-api-1.0-BETA6.jar:/home/chaitan/.m2/repository/org/apache/logging/log4j/log4j-api/2.8/log4j-api-2.8.jar:/home/chaitan/.m2/repository/org/jooq/joor/0.9.6/joor-0.9.6.jar:/home/chaitan/.m2/repository/commons-codec/commons-codec/1.10/commons-codec-1.10.jar:/home/chaitan/.m2/repository/org/eclipse/persistence/commonj.sdo/2.1.1/commonj.sdo-2.1.1.jar:/home/chaitan/.m2/repository/com/thoughtworks/xstream/xstream/1.4.9/xstream-1.4.9.jar:/home/chaitan/.m2/repository/org/slf4j/slf4j-api/1.7.21/slf4j-api-1.7.21.jar:/home/chaitan/.m2/repository/org/jvnet/jaxb2_commons/jaxb2-basics-runtime/1.11.1/jaxb2-basics-runtime-1.11.1.jar:/home/chaitan/.m2/repository/org/apache/commons/commons-lang3/3.8.1/commons-lang3-3.8.1.jar:/home/chaitan/.m2/repository/org/eclipse/jetty/jetty-security/9.4.3.v20170317/jetty-security-9.4.3.v20170317.jar:/home/chaitan/.m2/repository/org/junit/jupiter/junit-jupiter-params/5.3.0/junit-jupiter-params-5.3.0.jar:/home/chaitan/.m2/repository/cdot/onem2m/coapClientSecurity/3.9/coapClientSecurity-3.9.jar:/home/chaitan/.m2/repository/cdot/onem2m/common/3.9/common-3.9.jar:/home/chaitan/.m2/repository/org/apache/httpcomponents/httpclient/4.5.6/httpclient-4.5.6.jar:/home/chaitan/.m2/repository/org/junit/jupiter/junit-jupiter-engine/5.3.0/junit-jupiter-engine-5.3.0.jar:/home/chaitan/.m2/repository/cdot/onem2m/originatorActions/3.9/originatorActions-3.9.jar:/home/chaitan/.m2/repository/com/fasterxml/jackson/module/jackson-module-jaxb-annotations/2.7.0/jackson-module-jaxb-annotations-2.7.0.jar:/home/chaitan/.m2/repository/cdot/onem2m/BST/3.9/BST-3.9.jar:/home/chaitan/.m2/repository/cdot/onem2m/coapBindingClient/3.9/coapBindingClient-3.9.jar:"/>
    <property name="sun.cpu.endian" value="little"/>
    <property name="user.home" value="/home/chaitan"/>
    <property name="user.language" value="en"/>
    <property name="java.specification.vendor" value="Oracle Corporation"/>
    <property name="java.home" value="/home/chaitan/jdks/jdk-8u181-linux-x64/jdk1.8.0_181/jre"/>
    <property name="basedir" value="/media/chaitan/official/workspaces/workspace-oxygen/CCSP_oneM2M_Tester_EXPERIMENTED"/>
    <property name="file.separator" value="/"/>
    <property name="line.separator" value="&#10;"/>
    <property name="java.vm.specification.vendor" value="Oracle Corporation"/>
    <property name="java.specification.name" value="Java Platform API Specification"/>
    <property name="java.awt.graphicsenv" value="sun.awt.X11GraphicsEnvironment"/>
    <property name="surefire.real.class.path" value="/media/chaitan/official/workspaces/workspace-oxygen/CCSP_oneM2M_Tester_EXPERIMENTED/target/surefire/surefirebooter6404279420965747714.jar"/>
    <property name="sun.boot.class.path" value="/home/chaitan/jdks/jdk-8u181-linux-x64/jdk1.8.0_181/jre/lib/resources.jar:/home/chaitan/jdks/jdk-8u181-linux-x64/jdk1.8.0_181/jre/lib/rt.jar:/home/chaitan/jdks/jdk-8u181-linux-x64/jdk1.8.0_181/jre/lib/sunrsasign.jar:/home/chaitan/jdks/jdk-8u181-linux-x64/jdk1.8.0_181/jre/lib/jsse.jar:/home/chaitan/jdks/jdk-8u181-linux-x64/jdk1.8.0_181/jre/lib/jce.jar:/home/chaitan/jdks/jdk-8u181-linux-x64/jdk1.8.0_181/jre/lib/charsets.jar:/home/chaitan/jdks/jdk-8u181-linux-x64/jdk1.8.0_181/jre/lib/jfr.jar:/home/chaitan/jdks/jdk-8u181-linux-x64/jdk1.8.0_181/jre/classes"/>
    <property name="sun.management.compiler" value="HotSpot 64-Bit Tiered Compilers"/>
    <property name="java.runtime.version" value="1.8.0_181-b13"/>
    <property name="user.name" value="chaitan"/>
    <property name="path.separator" value=":"/>
    <property name="os.version" value="4.15.0-76-generic"/>
    <property name="java.endorsed.dirs" value="/home/chaitan/jdks/jdk-8u181-linux-x64/jdk1.8.0_181/jre/lib/endorsed"/>
    <property name="java.runtime.name" value="Java(TM) SE Runtime Environment"/>
    <property name="file.encoding" value="UTF-8"/>
    <property name="java.vm.name" value="Java HotSpot(TM) 64-Bit Server VM"/>
    <property name="localRepository" value="/home/chaitan/.m2/repository"/>
    <property name="java.vendor.url.bug" value="http://bugreport.sun.com/bugreport/"/>
    <property name="java.io.tmpdir" value="/tmp"/>
    <property name="java.version" value="1.8.0_181"/>
    <property name="user.dir" value="/media/chaitan/official/workspaces/workspace-oxygen/CCSP_oneM2M_Tester_EXPERIMENTED"/>
    <property name="os.arch" value="amd64"/>
    <property name="java.vm.specification.name" value="Java Virtual Machine Specification"/>
    <property name="java.awt.printerjob" value="sun.print.PSPrinterJob"/>
    <property name="sun.os.patch.level" value="unknown"/>
    <property name="java.library.path" value="/usr/java/packages/lib/amd64:/usr/lib64:/lib64:/lib:/usr/lib"/>
    <property name="java.vm.info" value="mixed mode"/>
    <property name="java.vendor" value="Oracle Corporation"/>
    <property name="java.vm.version" value="25.181-b13"/>
    <property name="java.ext.dirs" value="/home/chaitan/jdks/jdk-8u181-linux-x64/jdk1.8.0_181/jre/lib/ext:/usr/java/packages/lib/ext"/>
    <property name="sun.io.unicode.encoding" value="UnicodeLittle"/>
    <property name="java.class.version" value="52.0"/>
  </properties>
  <testcase name="TP_oneM2M_CSE_GEN_RET_002_CSR" classname="general.capabilities.TP_oneM2M_CSE_GEN_DEL_002" time="4.049"/>
  <testcase name="TP_oneM2M_CSE_GEN_RET_002_SPR" classname="general.capabilities.TP_oneM2M_CSE_GEN_DEL_002" time="4.086"/>
</testsuite>